<?xml version="1.0" encoding="UTF-8" ?>
<testsuite failures="0" time="0.007" errors="0" skipped="0" tests="12" name="org.javaq.chartfaces.render.svg.SymbolTemplateTest">
  <properties>
[...]
</properties>
  <testcase time="0.002" classname="org.javaq.chartfaces.render.svg.SymbolTemplateTest" name="testCircleSymbol"/>
  <testcase time="0" classname="org.javaq.chartfaces.render.svg.SymbolTemplateTest" name="testEuilateralTriangleSymbol"/>
  <testcase time="0.002" classname="org.javaq.chartfaces.render.svg.SymbolTemplateTest" name="testFromPathSymbol"/>
  <testcase time="0" classname="org.javaq.chartfaces.render.svg.SymbolTemplateTest" name="testNewCircleSymbolIdNull"/>
  <testcase time="0" classname="org.javaq.chartfaces.render.svg.SymbolTemplateTest" name="testNewEuilateralTriangleSymbolIdNull"/>
  <testcase time="0.001" classname="org.javaq.chartfaces.render.svg.SymbolTemplateTest" name="testNewFromPathSymbolIdNull"/>
  <testcase time="0" classname="org.javaq.chartfaces.render.svg.SymbolTemplateTest" name="testNewRectangleSymbolIdNull"/>
  <testcase time="0" classname="org.javaq.chartfaces.render.svg.SymbolTemplateTest" name="testNewSquareSymbolIdNull"/>
  <testcase time="0" classname="org.javaq.chartfaces.render.svg.SymbolTemplateTest" name="testRectangleSymbol"/>
  <testcase time="0" classname="org.javaq.chartfaces.render.svg.SymbolTemplateTest" name="testSquareSymbol"/>
  <testcase time="0" classname="org.javaq.chartfaces.render.svg.SymbolTemplateTest" name="testSquareUpdateShape"/>
  <testcase time="0.001" classname="org.javaq.chartfaces.render.svg.SymbolTemplateTest" name="testSquareUpdateSymbol"/>
</testsuite>