<?xml version="1.0" encoding="UTF-8" ?>
<testsuite failures="0" time="0.015" errors="0" skipped="0" tests="58" name="org.javaq.chartfaces.render.svg.PathsUtilTest">
  <properties>
[...]
</properties>
  <testcase time="0.001" classname="org.javaq.chartfaces.render.svg.PathsUtilTest" name="testCenter"/>
  <testcase time="0" classname="org.javaq.chartfaces.render.svg.PathsUtilTest" name="testCenterAlreadyCenteredTriangle"/>
  <testcase time="0" classname="org.javaq.chartfaces.render.svg.PathsUtilTest" name="testCenterEmptyPaths"/>
  <testcase time="0.001" classname="org.javaq.chartfaces.render.svg.PathsUtilTest" name="testCreateAbsolutePath"/>
  <testcase time="0" classname="org.javaq.chartfaces.render.svg.PathsUtilTest" name="testCreateAbsolutePathNoPoint"/>
  <testcase time="0.001" classname="org.javaq.chartfaces.render.svg.PathsUtilTest" name="testCreateAbsolutePathOnePoint"/>
  <testcase time="0" classname="org.javaq.chartfaces.render.svg.PathsUtilTest" name="testCreateAbsolutePathXandYArrayLengthDifferent"/>
  <testcase time="0" classname="org.javaq.chartfaces.render.svg.PathsUtilTest" name="testCreateRegularPolygonPathEvenSides"/>
  <testcase time="0" classname="org.javaq.chartfaces.render.svg.PathsUtilTest" name="testCreateRegularPolygonPathOddSides"/>
  <testcase time="0" classname="org.javaq.chartfaces.render.svg.PathsUtilTest" name="testCreateRegularPolygonRadius0"/>
  <testcase time="0" classname="org.javaq.chartfaces.render.svg.PathsUtilTest" name="testCreateRegularPolygonRadiusNegative"/>
  <testcase time="0" classname="org.javaq.chartfaces.render.svg.PathsUtilTest" name="testCreateRegularPolygonSides2"/>
  <testcase time="0" classname="org.javaq.chartfaces.render.svg.PathsUtilTest" name="testCreateRegularPolygonSidesNegative"/>
  <testcase time="0" classname="org.javaq.chartfaces.render.svg.PathsUtilTest" name="testCreateRegularStarPathIntDoubleDoubleDoubleDouble"/>
  <testcase time="0" classname="org.javaq.chartfaces.render.svg.PathsUtilTest" name="testCreateRegularStarPathIntDoubleDoubleDoubleDoubleR10"/>
  <testcase time="0" classname="org.javaq.chartfaces.render.svg.PathsUtilTest" name="testCreateRegularStarPathIntDoubleDoubleDoubleDoubleR1EqualR2"/>
  <testcase time="0" classname="org.javaq.chartfaces.render.svg.PathsUtilTest" name="testCreateRegularStarPathIntDoubleDoubleDoubleDoubleR20"/>
  <testcase time="0" classname="org.javaq.chartfaces.render.svg.PathsUtilTest" name="testCreateRegularStarPathIntDoubleDoubleDoubleDoubleSides2"/>
  <testcase time="0" classname="org.javaq.chartfaces.render.svg.PathsUtilTest" name="testCreateRegularStarPathIntDoubleDoubleDoubleDoubleSidesNegative"/>
  <testcase time="0" classname="org.javaq.chartfaces.render.svg.PathsUtilTest" name="testCreateRegularStarPathIntIntDoubleDoubleDouble"/>
  <testcase time="0" classname="org.javaq.chartfaces.render.svg.PathsUtilTest" name="testCreateRegularStarPathIntIntDoubleDoubleDoubleQEqual1"/>
  <testcase time="0" classname="org.javaq.chartfaces.render.svg.PathsUtilTest" name="testCreateRegularStarPathIntIntDoubleDoubleDoubleQEqualHalfP"/>
  <testcase time="0" classname="org.javaq.chartfaces.render.svg.PathsUtilTest" name="testCreateRegularStarPathIntIntDoubleDoubleDoubleQEqualP"/>
  <testcase time="0" classname="org.javaq.chartfaces.render.svg.PathsUtilTest" name="testCreateRegularStarPathIntIntDoubleDoubleDoubleRadius0"/>
  <testcase time="0" classname="org.javaq.chartfaces.render.svg.PathsUtilTest" name="testCreateRegularStarPathIntIntDoubleDoubleDoubleRadiusNegative"/>
  <testcase time="0.001" classname="org.javaq.chartfaces.render.svg.PathsUtilTest" name="testCreateRelativePath"/>
  <testcase time="0" classname="org.javaq.chartfaces.render.svg.PathsUtilTest" name="testCreateRelativePathNoPoint"/>
  <testcase time="0" classname="org.javaq.chartfaces.render.svg.PathsUtilTest" name="testCreateRelativePathOnePoint"/>
  <testcase time="0" classname="org.javaq.chartfaces.render.svg.PathsUtilTest" name="testCreateRelativePathRelativeMove"/>
  <testcase time="0" classname="org.javaq.chartfaces.render.svg.PathsUtilTest" name="testCreateRelativePathXandYArrayLengthDifferent"/>
  <testcase time="0.001" classname="org.javaq.chartfaces.render.svg.PathsUtilTest" name="testCreateSquarePath"/>
  <testcase time="0" classname="org.javaq.chartfaces.render.svg.PathsUtilTest" name="testCreateSquarePathSide0"/>
  <testcase time="0" classname="org.javaq.chartfaces.render.svg.PathsUtilTest" name="testCreateSquarePathSideNegative"/>
  <testcase time="0" classname="org.javaq.chartfaces.render.svg.PathsUtilTest" name="testCreateStarPlotPaths"/>
  <testcase time="0" classname="org.javaq.chartfaces.render.svg.PathsUtilTest" name="testCreateStarPlotPathsRadiusesLengthLessThan3"/>
  <testcase time="0" classname="org.javaq.chartfaces.render.svg.PathsUtilTest" name="testCreateStarPlotPathsRadiusesNull"/>
  <testcase time="0" classname="org.javaq.chartfaces.render.svg.PathsUtilTest" name="testFlipDoubleDoublePaths"/>
  <testcase time="0" classname="org.javaq.chartfaces.render.svg.PathsUtilTest" name="testFlipDoubleDoublePathsSlope0"/>
  <testcase time="0" classname="org.javaq.chartfaces.render.svg.PathsUtilTest" name="testFlipDoublePaths"/>
  <testcase time="0" classname="org.javaq.chartfaces.render.svg.PathsUtilTest" name="testFlipDoublePathsEmptyPaths"/>
  <testcase time="0" classname="org.javaq.chartfaces.render.svg.PathsUtilTest" name="testRenderRaysFromOrigin2Test"/>
  <testcase time="0" classname="org.javaq.chartfaces.render.svg.PathsUtilTest" name="testRenderRaysFromOriginArraysLengthDifferentTest"/>
  <testcase time="0" classname="org.javaq.chartfaces.render.svg.PathsUtilTest" name="testRenderRaysFromOriginTest"/>
  <testcase time="0" classname="org.javaq.chartfaces.render.svg.PathsUtilTest" name="testRenderRaysFromOriginXArrayNullTest"/>
  <testcase time="0" classname="org.javaq.chartfaces.render.svg.PathsUtilTest" name="testRenderRaysFromOriginYArrayNullTest"/>
  <testcase time="0.001" classname="org.javaq.chartfaces.render.svg.PathsUtilTest" name="testRotate"/>
  <testcase time="0" classname="org.javaq.chartfaces.render.svg.PathsUtilTest" name="testRotate0Or360Degree"/>
  <testcase time="0" classname="org.javaq.chartfaces.render.svg.PathsUtilTest" name="testRotateNoPaths"/>
  <testcase time="0" classname="org.javaq.chartfaces.render.svg.PathsUtilTest" name="testRotateTwoPaths"/>
  <testcase time="0" classname="org.javaq.chartfaces.render.svg.PathsUtilTest" name="testScaleDoubleDoublePathsArray"/>
  <testcase time="0" classname="org.javaq.chartfaces.render.svg.PathsUtilTest" name="testScaleDoubleDoublePathsArrayNonZeroZero"/>
  <testcase time="0" classname="org.javaq.chartfaces.render.svg.PathsUtilTest" name="testScaleDoubleDoublePathsArrayZeroNonZero"/>
  <testcase time="0" classname="org.javaq.chartfaces.render.svg.PathsUtilTest" name="testScaleDoublePathsArray"/>
  <testcase time="0" classname="org.javaq.chartfaces.render.svg.PathsUtilTest" name="testScaleDoublePathsArrayFactor0"/>
  <testcase time="0" classname="org.javaq.chartfaces.render.svg.PathsUtilTest" name="testScaleDoublePathsArrayNoPaths"/>
  <testcase time="0" classname="org.javaq.chartfaces.render.svg.PathsUtilTest" name="testTranslate0Delta"/>
  <testcase time="0.001" classname="org.javaq.chartfaces.render.svg.PathsUtilTest" name="testTranslateNoPaths"/>
  <testcase time="0" classname="org.javaq.chartfaces.render.svg.PathsUtilTest" name="testTranslateTwoPaths"/>
</testsuite>